## Pendientes para migración a backend

### Tickets

#### `src/Pages/CreateTicketPage.jsx`
- **Hoy:** crea tickets en `localStorage`.
- **Luego:** debe enviar el ticket al backend.
- **Cambiar:** `handleSubmit`
- **Backend esperado:** `POST /api/tickets`

---

#### `src/Pages/TicketDetailPage.jsx`
- **Hoy:** lee el ticket desde `localStorage`, actualiza estado/asignación en frontend y usa `users` mock para técnicos.
- **Luego:** debe consultar y actualizar el ticket desde backend, y cargar técnicos desde backend.
- **Cambiar:**
  - `useEffect` que carga el ticket
  - `updateTicket`
  - `supportUsers = users.filter(...)`
- **Backend esperado:**
  - `GET /api/tickets/:id`
  - `PUT` o `PATCH /api/tickets/:id`
  - `GET /api/users?role=support`

---

#### `src/Pages/DashboardPage.jsx`
- **Hoy:** carga tickets desde `localStorage`.
- **Luego:** debe obtener tickets desde backend.
- **Cambiar:** `useEffect` que carga tickets
- **Backend esperado:** `GET /api/tickets`

---

#### `src/components/TicketsTable.jsx`
- **Hoy:** usa `users` mock para mostrar el técnico asignado.
- **Luego:** debe mostrar esa info desde backend.
- **Cambiar:** búsqueda con `users.find(...)`
- **Ideal:** que cada ticket ya venga con datos del técnico asignado

---

### Autenticación

#### `src/services/authService.js`
- **Hoy:** login mock con `users.js` y token falso.
- **Luego:** login real contra backend.
- **Cambiar:**
  - `login`
  - `getCurrentUser`
- **Backend esperado:**
  - `POST /api/auth/login`
  - `GET /api/auth/me` (si aplica)

---

#### `src/context/AuthContext.jsx`
- **Hoy:** la sesión depende demasiado de cookies/frontend. Después de refresh el usuario se pierde o puede quedar mal asignado.
- **Luego:** si existe token en cookie, el frontend debe pedir al backend el usuario real.
- **Cambiar:**
  - lógica de carga inicial de sesión
  - `login`
  - `logout`
- **Regla nueva importante:**
  - si hay token en cookie, hacer petición al backend para obtener el usuario real (`id`, `role`, etc.)
  - no reconstruir usuario con datos hardcodeados, incompletos o vacíos
- **Backend esperado:** `GET /api/auth/me`

---

### Mocks

#### `src/mocks/users.js`
- **Hoy:** fuente mock de usuarios.
- **Luego:** debe dejar de usarse y eliminarse cuando existan endpoints reales.

---

## Resumen rápido

### Archivos que seguro cambiarán con backend
- `src/Pages/CreateTicketPage.jsx`
- `src/Pages/TicketDetailPage.jsx`
- `src/Pages/DashboardPage.jsx`
- `src/components/TicketsTable.jsx`
- `src/services/authService.js`
- `src/context/AuthContext.jsx`
- `src/mocks/users.js`

### Qué debe desaparecer
- `localStorage` para tickets
- `users` mock
- token falso
- reconstrucción fake del usuario después de refresh

---------

Sí, ahora sí: lo monté en el docker-compose.yml de la raíz y esa es la forma correcta si quieres que todo corra junto en Docker.

Quedó así:

db en el mismo compose
los 4 microservicios construyéndose desde ./backend
cada servicio con ConnectionStrings__DefaultConnection=Host=db;Database=helpdesk;...
puertos publicados:
user en 5200
auth en 5227
admin en 5110
support en 5093
Eso sí debería permitir que el backend funcione en Docker, porque ahora los contenedores ya no intentan conectarse a localhost, sino al servicio db dentro de la red de Compose.

Para levantar todo:

docker compose up -d --build
Y para aplicar las tablas:

dotnet ef database update --project backend\helpdesk-utp.user --startup-project backend\helpdesk-utp.user
Si quieres dejarlo todavía más limpio, el siguiente paso sería que ignoremos backend/compose.yaml y usemos solo el de la raíz como compose oficial.

---------
Las APIs que existen en código son estas:

auth
POST /auth/login
POST /auth/logout
admin
GET /tickets
GET /ticket/{id}
PATCH /ticket/{id}/status
PATCH /ticket/{id}/assign
GET /users?role=...
support
GET /tickets
GET /ticket/{id}
PATCH /ticket/{id}/status
user
GET /tickets
GET /ticket/{id}
POST /ticket/new
Los requests que sí necesitan body son:

POST /auth/login
{
  "username": "admin",
  "password": "1234"
}
PATCH /ticket/{id}/status
{
  "status": "En Proceso"
}
PATCH /ticket/{id}/assign
{
  "userId": "11111111-1111-1111-1111-111111111111"
}
POST /ticket/new
{
  "title": "No puedo entrar",
  "description": "La app no me deja iniciar sesion",
  "category": "Acceso",
  "priority": "Alta",
  "created_by": "11111111-1111-1111-1111-111111111111",
  "assigned_to": null
}
Para probarlas cómodamente, lo mejor es usar Postman, Bruno, Insomnia o hasta curl, pero primero hay que exponer puertos. Te recomiendo dejar backend/compose.yaml así, por ejemplo:

services:
  helpdesk-utp-auth:
    image: helpdesk-utp-auth
    build:
      context: .
      dockerfile: helpdesk-utp.auth/Dockerfile
    environment:
      ASPNETCORE_ENVIRONMENT: Development
    ports:
      - "5201:8080"

  helpdesk-utp-admin:
    image: helpdesk-utp-admin
    build:
      context: .
      dockerfile: helpdesk-utp.admin/Dockerfile
    environment:
      ASPNETCORE_ENVIRONMENT: Development
    ports:
      - "5202:8080"

  helpdesk-utp-support:
    image: helpdesk-utp-support
    build:
      context: .
      dockerfile: helpdesk-utp.support/Dockerfile
    environment:
      ASPNETCORE_ENVIRONMENT: Development
    ports:
      - "5203:8080"

  helpdesk-utp-user:
    image: helpdesk-utp-user
    build:
      context: .
      dockerfile: helpdesk-utp.user/Dockerfile
    environment:
      ASPNETCORE_ENVIRONMENT: Development
    ports:
      - "5204:8080"
Con eso, podrías abrir estos OpenAPI JSON en el navegador:

http://localhost:5201/openapi/v1.json
http://localhost:5202/openapi/v1.json
http://localhost:5203/openapi/v1.json
http://localhost:5204/openapi/v1.json
Y probar endpoints así:

http://localhost:5201/auth/login
http://localhost:5202/tickets
http://localhost:5203/tickets
http://localhost:5204/ticket/new
Hay un detalle más: en backend/helpdesk-utp.support/appsettings.json (line 1) y backend/helpdesk-utp.user/appsettings.json (line 1) la conexión a Postgres usa Host=localhost, y dentro de Docker eso normalmente debería ser Host=db si vas a hablar con el contenedor de PostgreSQL.

Si quieres, en el siguiente paso te dejo el backend/compose.yaml ya corregido con puertos y variables para que puedas probar todo desde localhost de una vez.